<?xml version="1.0" encoding="UTF-8" standalone="yes" ?>
<test-results name="C:\Users\davi.bernado\Downloads\ProvaDelphi\Win32\Debug\ProvaDelphiAppTest.exe" total="3" errors="3" failures="0" ignored="0" inconclusive="0" not-run="0" skipped="0" invalid="0" date="2021-04-04" time="0.052">
  <culture-info current-culture="en" current-uiculture="en" />
  <test-suite type="Assembly" name="ProvaDelphiAppTest.exe" executed="true" result="Failure" success="False" time="0.052" asserts="0">
    <results>
        <test-suite type="Namespace" name="uTarefa1Test" executed="true" result="Success" success="True" time="0.041" asserts="0" >
          <results>
              <test-suite type="Fixture" name="TestTfTarefa1" executed="True" result="Success" success="True" time="0.041" >
                <results>
                  <test-case name="TestMontaSql" executed="True" result="Error" success="False" time="0.041" asserts="0" >
                    <failure>
                      <message>
                        <![CDATA[ Cannot create form. No MDI forms are currently active ]]>
                      </message>
                      <stack-trace>
                        <![CDATA[  ]]>
                      </stack-trace>
                    </failure>
                  </test-case>
                </results>
              </test-suite>
          </results>
        </test-suite>
        <test-suite type="Namespace" name="TestufTarefa3" executed="true" result="Success" success="True" time="0.010" asserts="0" >
          <results>
              <test-suite type="Fixture" name="TestTfTarefa3" executed="True" result="Success" success="True" time="0.010" >
                <results>
                  <test-case name="TestSomarValor" executed="True" result="Error" success="False" time="0.005" asserts="0" >
                    <failure>
                      <message>
                        <![CDATA[ Cannot create form. No MDI forms are currently active ]]>
                      </message>
                      <stack-trace>
                        <![CDATA[  ]]>
                      </stack-trace>
                    </failure>
                  </test-case>
                  <test-case name="TestTotalDivisoes" executed="True" result="Error" success="False" time="0.005" asserts="0" >
                    <failure>
                      <message>
                        <![CDATA[ Cannot create form. No MDI forms are currently active ]]>
                      </message>
                      <stack-trace>
                        <![CDATA[  ]]>
                      </stack-trace>
                    </failure>
                  </test-case>
                </results>
              </test-suite>
          </results>
        </test-suite>
    </results>
  </test-suite>
</test-results>
